{
  "stats": {
    "suites": 2,
    "tests": 11,
    "passes": 11,
    "pending": 0,
    "failures": 0,
    "testsRegistered": 11,
    "passPercent": 100,
    "pendingPercent": 0,
    "other": 0,
    "hasOther": false,
    "skipped": 0,
    "hasSkipped": false,
    "start": "2026-06-13T11:40:10.250Z",
    "end": "2026-06-13T11:40:43.403Z",
    "duration": 33153
  },
  "results": [
    {
      "uuid": "c0ba6087-c3b0-4c60-94a8-25bb5e5338de",
      "title": "",
      "fullFile": "cypress\\e2e\\teacher\\evaluation.cy.ts",
      "file": "cypress\\e2e\\teacher\\evaluation.cy.ts",
      "beforeHooks": [],
      "afterHooks": [],
      "tests": [],
      "suites": [
        {
          "uuid": "87d94f9e-8165-45bb-9f51-8f05a1d110c8",
          "title": "UC-TC-05: Teacher Evaluation",
          "fullFile": "",
          "file": "",
          "beforeHooks": [],
          "afterHooks": [],
          "tests": [
            {
              "title": "evaluation page loads and shows student/quiz selects",
              "fullTitle": "UC-TC-05: Teacher Evaluation evaluation page loads and shows student/quiz selects",
              "timedOut": null,
              "duration": 5567,
              "state": "passed",
              "speed": "medium",
              "pass": true,
              "fail": false,
              "pending": false,
              "context": "{\n  \"title\": \"cypress-mochawesome-reporter-videos-passed\",\n  \"value\": \"cypress\\\\e2e\\\\teacher\\\\evaluation.cy.ts\"\n}",
              "code": "cy.visit('/teacher/evaluation');\ncy.contains(/evaluation module/i, { timeout: 8000 }).should('be.visible');\ncy.contains(/Ahmed Khan/i).should('be.visible');",
              "err": {},
              "uuid": "d20b5ff6-f00a-43aa-9e93-7c65105211ec",
              "parentUUID": "87d94f9e-8165-45bb-9f51-8f05a1d110c8",
              "isHook": false,
              "skipped": false
            },
            {
              "title": "submit text evaluation shows report (OpenAI stubbed)",
              "fullTitle": "UC-TC-05: Teacher Evaluation submit text evaluation shows report (OpenAI stubbed)",
              "timedOut": null,
              "duration": 3938,
              "state": "passed",
              "speed": "fast",
              "pass": true,
              "fail": false,
              "pending": false,
              "context": "{\n  \"title\": \"cypress-mochawesome-reporter-videos-passed\",\n  \"value\": \"cypress\\\\e2e\\\\teacher\\\\evaluation.cy.ts\"\n}",
              "code": "cy.visit('/teacher/evaluation');\ncy.get('select').first().select('student@example.com');\ncy.get('select').eq(1).select('quiz-001');\ncy.get('textarea').type('Q1a) Hydrogen and Chlorine. Q1b) Because Cl- is concentrated.');\ncy.get('button').contains(/run evaluation/i).click();\ncy.contains(/evaluation report/i, { timeout: 15000 }).should('be.visible');",
              "err": {},
              "uuid": "f8fe1430-990c-410d-b159-21ad9d4b7cbf",
              "parentUUID": "87d94f9e-8165-45bb-9f51-8f05a1d110c8",
              "isHook": false,
              "skipped": false
            },
            {
              "title": "validation error when no student selected",
              "fullTitle": "UC-TC-05: Teacher Evaluation validation error when no student selected",
              "timedOut": null,
              "duration": 1669,
              "state": "passed",
              "speed": "fast",
              "pass": true,
              "fail": false,
              "pending": false,
              "context": "{\n  \"title\": \"cypress-mochawesome-reporter-videos-passed\",\n  \"value\": \"cypress\\\\e2e\\\\teacher\\\\evaluation.cy.ts\"\n}",
              "code": "cy.visit('/teacher/evaluation');\ncy.get('button').contains(/run evaluation/i).click();\ncy.contains(/select student/i, { timeout: 5000 }).should('be.visible');",
              "err": {},
              "uuid": "e3c4f1e0-7912-4fa2-a030-22a0bc9f3cba",
              "parentUUID": "87d94f9e-8165-45bb-9f51-8f05a1d110c8",
              "isHook": false,
              "skipped": false
            }
          ],
          "suites": [],
          "passes": [
            "d20b5ff6-f00a-43aa-9e93-7c65105211ec",
            "f8fe1430-990c-410d-b159-21ad9d4b7cbf",
            "e3c4f1e0-7912-4fa2-a030-22a0bc9f3cba"
          ],
          "failures": [],
          "pending": [],
          "skipped": [],
          "duration": 11174,
          "root": false,
          "rootEmpty": false,
          "_timeout": 2000
        },
        {
          "uuid": "27dc652f-664d-4d40-859f-6e22ab955915",
          "title": "UC-TC-04: Quiz Print — Light Background",
          "fullFile": "",
          "file": "",
          "beforeHooks": [],
          "afterHooks": [],
          "tests": [
            {
              "title": "quiz print page has light background masthead",
              "fullTitle": "UC-TC-04: Quiz Print — Light Background quiz print page has light background masthead",
              "timedOut": null,
              "duration": 1066,
              "state": "passed",
              "speed": "fast",
              "pass": true,
              "fail": false,
              "pending": false,
              "context": "{\n  \"title\": \"cypress-mochawesome-reporter-videos-passed\",\n  \"value\": \"cypress\\\\e2e\\\\teacher\\\\evaluation.cy.ts\"\n}",
              "code": "// QuizPrint reads from 'teacher_quiz_print_payload' (QuizManager QUIZ_PRINT_STORAGE_KEY)\n// Payload must match QuizPrintPayload interface: title, subject, class_level, quiz_type, questions, question_count\ncy.window().then((win) => {\n    win.localStorage.setItem('teacher_quiz_print_payload', JSON.stringify({\n        title: 'Chemistry MCQ Test',\n        subject: 'Chemistry',\n        class_level: 'O-Level',\n        quiz_type: 'mcq',\n        question_count: 1,\n        teacher_name: 'Test Teacher',\n        questions: [\n            { question_number: 1, statement: 'Q1 text?', options: { A: 'A', B: 'B', C: 'C', D: 'D' }, Answer: 'A' },\n        ],\n    }));\n});\ncy.visit('/teacher/quizzes/print');\ncy.get('[data-testid=\"quiz-print-masthead\"], .print-masthead').should('exist');\n// Background should NOT be dark\ncy.get('[data-testid=\"quiz-print-masthead\"], .print-masthead').should(($el) => {\n    const bg = window.getComputedStyle($el[0]).backgroundColor;\n    expect(bg).not.to.equal('rgb(30, 41, 59)'); // #1e293b\n});",
              "err": {},
              "uuid": "a1a13893-22ed-499f-8c37-73f62285fad5",
              "parentUUID": "27dc652f-664d-4d40-859f-6e22ab955915",
              "isHook": false,
              "skipped": false
            }
          ],
          "suites": [],
          "passes": [
            "a1a13893-22ed-499f-8c37-73f62285fad5"
          ],
          "failures": [],
          "pending": [],
          "skipped": [],
          "duration": 1066,
          "root": false,
          "rootEmpty": false,
          "_timeout": 2000
        }
      ],
      "passes": [],
      "failures": [],
      "pending": [],
      "skipped": [],
      "duration": 0,
      "root": true,
      "rootEmpty": true,
      "_timeout": 2000
    },
    {
      "uuid": "a1a1a136-eb0e-4611-b2cd-333af6918864",
      "title": "",
      "fullFile": "cypress\\e2e\\auth\\login.cy.ts",
      "file": "cypress\\e2e\\auth\\login.cy.ts",
      "beforeHooks": [],
      "afterHooks": [],
      "tests": [],
      "suites": [
        {
          "uuid": "55a66522-6d1c-4d68-9e94-fbbdbbf77616",
          "title": "UC-AUTH-03: Login",
          "fullFile": "",
          "file": "",
          "beforeHooks": [],
          "afterHooks": [],
          "tests": [
            {
              "title": "student login happy path redirects to /student/dashboard",
              "fullTitle": "UC-AUTH-03: Login student login happy path redirects to /student/dashboard",
              "timedOut": null,
              "duration": 4822,
              "state": "passed",
              "speed": "fast",
              "pass": true,
              "fail": false,
              "pending": false,
              "context": "{\n  \"title\": \"cypress-mochawesome-reporter-videos-passed\",\n  \"value\": \"cypress\\\\e2e\\\\auth\\\\login.cy.ts\"\n}",
              "code": "cy.intercept('POST', `${api}/auth/login`, {\n    body: { token: 'mock-jwt', user: { email: 'student@example.com', role: 'student', student_type: 'self_enrolled', onboarding_completed: true } },\n});\ncy.visit('/login/student');\ncy.get('input[type=\"email\"]').type('student@example.com');\ncy.get('input[type=\"password\"]').type('Pass123');\ncy.get('button[type=\"submit\"]').click();\ncy.url({ timeout: 10000 }).should('include', '/student/dashboard');",
              "err": {},
              "uuid": "0f61ddc3-108f-4872-bfc5-6886d65363db",
              "parentUUID": "55a66522-6d1c-4d68-9e94-fbbdbbf77616",
              "isHook": false,
              "skipped": false
            },
            {
              "title": "wrong password shows error message",
              "fullTitle": "UC-AUTH-03: Login wrong password shows error message",
              "timedOut": null,
              "duration": 2608,
              "state": "passed",
              "speed": "fast",
              "pass": true,
              "fail": false,
              "pending": false,
              "context": "{\n  \"title\": \"cypress-mochawesome-reporter-videos-passed\",\n  \"value\": \"cypress\\\\e2e\\\\auth\\\\login.cy.ts\"\n}",
              "code": "// Backend (Flask) returns { msg: ... } — Login.tsx extracts err.response.data.msg\ncy.intercept('POST', `${api}/auth/login`, { statusCode: 401, body: { msg: 'Invalid credentials' } });\ncy.visit('/login/student');\ncy.get('input[type=\"email\"]').type('bad@example.com');\ncy.get('input[type=\"password\"]').type('WrongPass');\ncy.get('button[type=\"submit\"]').click();\ncy.contains(/invalid credentials/i, { timeout: 5000 }).should('be.visible');",
              "err": {},
              "uuid": "4182ded3-d201-4d91-9ffd-f62dd299d882",
              "parentUUID": "55a66522-6d1c-4d68-9e94-fbbdbbf77616",
              "isHook": false,
              "skipped": false
            },
            {
              "title": "unverified user redirected to verify-email",
              "fullTitle": "UC-AUTH-03: Login unverified user redirected to verify-email",
              "timedOut": null,
              "duration": 2711,
              "state": "passed",
              "speed": "fast",
              "pass": true,
              "fail": false,
              "pending": false,
              "context": "{\n  \"title\": \"cypress-mochawesome-reporter-videos-passed\",\n  \"value\": \"cypress\\\\e2e\\\\auth\\\\login.cy.ts\"\n}",
              "code": "// Backend returns { msg: 'Email not verified' } — Login.tsx checks errorMsg.includes(\"email not verified\")\ncy.intercept('POST', `${api}/auth/login`, { statusCode: 403, body: { msg: 'Email not verified' } });\ncy.visit('/login/student');\ncy.get('input[type=\"email\"]').type('unverified@example.com');\ncy.get('input[type=\"password\"]').type('Pass123');\ncy.get('button[type=\"submit\"]').click();\ncy.url({ timeout: 8000 }).should('include', '/verify-email');",
              "err": {},
              "uuid": "d0e5b5e6-8daf-4c76-947f-e4393a23a161",
              "parentUUID": "55a66522-6d1c-4d68-9e94-fbbdbbf77616",
              "isHook": false,
              "skipped": false
            },
            {
              "title": "institution login stores org_name in localStorage",
              "fullTitle": "UC-AUTH-03: Login institution login stores org_name in localStorage",
              "timedOut": null,
              "duration": 2307,
              "state": "passed",
              "speed": "fast",
              "pass": true,
              "fail": false,
              "pending": false,
              "context": "{\n  \"title\": \"cypress-mochawesome-reporter-videos-passed\",\n  \"value\": \"cypress\\\\e2e\\\\auth\\\\login.cy.ts\"\n}",
              "code": "cy.intercept('POST', `${api}/auth/login`, {\n    body: { token: 'mock-jwt', user: { email: 'inst@example.com', role: 'institution', institution_name: 'Test Academy', onboarding_completed: true } },\n});\ncy.visit('/login/institution');\ncy.get('input[type=\"email\"]').type('inst@example.com');\ncy.get('input[type=\"password\"]').type('Pass123');\ncy.get('button[type=\"submit\"]').click();\ncy.url({ timeout: 10000 }).should('include', '/institution');\ncy.window().its('localStorage').invoke('getItem', 'org_name').should('eq', 'Test Academy');",
              "err": {},
              "uuid": "1cc91f28-79ca-4d07-b39a-c7f37ac2b822",
              "parentUUID": "55a66522-6d1c-4d68-9e94-fbbdbbf77616",
              "isHook": false,
              "skipped": false
            }
          ],
          "suites": [],
          "passes": [
            "0f61ddc3-108f-4872-bfc5-6886d65363db",
            "4182ded3-d201-4d91-9ffd-f62dd299d882",
            "d0e5b5e6-8daf-4c76-947f-e4393a23a161",
            "1cc91f28-79ca-4d07-b39a-c7f37ac2b822"
          ],
          "failures": [],
          "pending": [],
          "skipped": [],
          "duration": 12448,
          "root": false,
          "rootEmpty": false,
          "_timeout": 2000
        },
        {
          "uuid": "b2c14abb-93f9-4806-a06f-a1280b21261e",
          "title": "UC-CROSS-02: Protected Route Redirects",
          "fullFile": "",
          "file": "",
          "beforeHooks": [],
          "afterHooks": [],
          "tests": [
            {
              "title": "unauthenticated /student/dashboard redirects to login",
              "fullTitle": "UC-CROSS-02: Protected Route Redirects unauthenticated /student/dashboard redirects to login",
              "timedOut": null,
              "duration": 1311,
              "state": "passed",
              "speed": "fast",
              "pass": true,
              "fail": false,
              "pending": false,
              "context": "{\n  \"title\": \"cypress-mochawesome-reporter-videos-passed\",\n  \"value\": \"cypress\\\\e2e\\\\auth\\\\login.cy.ts\"\n}",
              "code": "cy.clearLocalStorage();\ncy.visit('/student/dashboard');\ncy.url({ timeout: 8000 }).should('include', '/login');",
              "err": {},
              "uuid": "58af2e35-4e57-48f5-b26d-c0bba74263c2",
              "parentUUID": "b2c14abb-93f9-4806-a06f-a1280b21261e",
              "isHook": false,
              "skipped": false
            },
            {
              "title": "unauthenticated /teacher redirects to login",
              "fullTitle": "UC-CROSS-02: Protected Route Redirects unauthenticated /teacher redirects to login",
              "timedOut": null,
              "duration": 1284,
              "state": "passed",
              "speed": "fast",
              "pass": true,
              "fail": false,
              "pending": false,
              "context": "{\n  \"title\": \"cypress-mochawesome-reporter-videos-passed\",\n  \"value\": \"cypress\\\\e2e\\\\auth\\\\login.cy.ts\"\n}",
              "code": "cy.clearLocalStorage();\ncy.visit('/teacher');\ncy.url({ timeout: 8000 }).should('include', '/login');",
              "err": {},
              "uuid": "6466b210-5694-4de2-8ee3-552edccc2a4a",
              "parentUUID": "b2c14abb-93f9-4806-a06f-a1280b21261e",
              "isHook": false,
              "skipped": false
            },
            {
              "title": "unauthenticated /institution/dashboard redirects to login",
              "fullTitle": "UC-CROSS-02: Protected Route Redirects unauthenticated /institution/dashboard redirects to login",
              "timedOut": null,
              "duration": 1160,
              "state": "passed",
              "speed": "fast",
              "pass": true,
              "fail": false,
              "pending": false,
              "context": "{\n  \"title\": \"cypress-mochawesome-reporter-videos-passed\",\n  \"value\": \"cypress\\\\e2e\\\\auth\\\\login.cy.ts\"\n}",
              "code": "cy.clearLocalStorage();\ncy.visit('/institution/dashboard');\ncy.url({ timeout: 8000 }).should('include', '/login');",
              "err": {},
              "uuid": "0f628415-a651-4a53-9a3a-abb265f4c227",
              "parentUUID": "b2c14abb-93f9-4806-a06f-a1280b21261e",
              "isHook": false,
              "skipped": false
            }
          ],
          "suites": [],
          "passes": [
            "58af2e35-4e57-48f5-b26d-c0bba74263c2",
            "6466b210-5694-4de2-8ee3-552edccc2a4a",
            "0f628415-a651-4a53-9a3a-abb265f4c227"
          ],
          "failures": [],
          "pending": [],
          "skipped": [],
          "duration": 3755,
          "root": false,
          "rootEmpty": false,
          "_timeout": 2000
        }
      ],
      "passes": [],
      "failures": [],
      "pending": [],
      "skipped": [],
      "duration": 0,
      "root": true,
      "rootEmpty": true,
      "_timeout": 2000
    }
  ],
  "meta": {
    "mocha": {
      "version": "7.0.1"
    },
    "mochawesome": {
      "options": {
        "quiet": false,
        "reportFilename": "mochawesome",
        "saveHtml": false,
        "saveJson": true,
        "consoleReporter": "spec",
        "useInlineDiffs": false,
        "code": true
      },
      "version": "7.1.4"
    },
    "marge": {
      "options": {
        "reportDir": "docs\\cypress\\.jsons",
        "charts": true,
        "reportPageTitle": "Zoomiez — Cypress E2E",
        "embeddedScreenshots": true,
        "inlineAssets": true,
        "overwrite": false,
        "html": false,
        "json": true
      },
      "version": "6.3.2"
    }
  }
}