{
  "stats": {
    "suites": 2,
    "tests": 7,
    "passes": 5,
    "pending": 0,
    "failures": 2,
    "start": "2026-06-11T11:41:37.792Z",
    "end": "2026-06-11T11:42:12.462Z",
    "duration": 34670,
    "testsRegistered": 7,
    "passPercent": 71.42857142857143,
    "pendingPercent": 0,
    "other": 0,
    "hasOther": false,
    "skipped": 0,
    "hasSkipped": false
  },
  "results": [
    {
      "uuid": "e709eb31-4780-4bdc-bb7e-3796f7d405e2",
      "title": "",
      "fullFile": "cypress\\e2e\\auth\\login.cy.ts",
      "file": "cypress\\e2e\\auth\\login.cy.ts",
      "beforeHooks": [],
      "afterHooks": [],
      "tests": [],
      "suites": [
        {
          "uuid": "19c0a6a0-59d1-491f-9eb2-219f0b846d99",
          "title": "UC-AUTH-03: Login",
          "fullFile": "",
          "file": "",
          "beforeHooks": [],
          "afterHooks": [],
          "tests": [
            {
              "title": "student login happy path redirects to /student/dashboard",
              "fullTitle": "UC-AUTH-03: Login student login happy path redirects to /student/dashboard",
              "timedOut": null,
              "duration": 4842,
              "state": "passed",
              "speed": "fast",
              "pass": true,
              "fail": false,
              "pending": false,
              "context": "{\n  \"title\": \"cypress-mochawesome-reporter-videos-passed\",\n  \"value\": \"cypress\\\\e2e\\\\auth\\\\login.cy.ts\"\n}",
              "code": "cy.intercept('POST', `${api}/auth/login`, {\n    body: { token: 'mock-jwt', user: { email: 'student@example.com', role: 'student', student_type: 'self_enrolled', onboarding_completed: true } },\n});\ncy.visit('/login/student');\ncy.get('input[type=\"email\"]').type('student@example.com');\ncy.get('input[type=\"password\"]').type('Pass123');\ncy.get('button[type=\"submit\"]').click();\ncy.url({ timeout: 10000 }).should('include', '/student/dashboard');",
              "err": {},
              "uuid": "b88c08f0-aa88-45e1-96ff-d3b2ab50040b",
              "parentUUID": "19c0a6a0-59d1-491f-9eb2-219f0b846d99",
              "isHook": false,
              "skipped": false
            },
            {
              "title": "wrong password shows error message",
              "fullTitle": "UC-AUTH-03: Login wrong password shows error message",
              "timedOut": null,
              "duration": 7725,
              "state": "failed",
              "speed": null,
              "pass": false,
              "fail": true,
              "pending": false,
              "context": "{\n  \"title\": \"cypress-mochawesome-reporter-videos-failed\",\n  \"value\": \"cypress\\\\e2e\\\\auth\\\\login.cy.ts\"\n}",
              "code": "cy.intercept('POST', `${api}/auth/login`, { statusCode: 401, body: { error: 'Invalid credentials' } });\ncy.visit('/login/student');\ncy.get('input[type=\"email\"]').type('bad@example.com');\ncy.get('input[type=\"password\"]').type('WrongPass');\ncy.get('button[type=\"submit\"]').click();\ncy.contains(/invalid credentials/i, { timeout: 5000 }).should('be.visible');",
              "err": {
                "message": "AssertionError: Timed out retrying after 5000ms: Expected to find content: '/invalid credentials/i' but never did.",
                "estack": "AssertionError: Timed out retrying after 5000ms: Expected to find content: '/invalid credentials/i' but never did.\n    at Context.eval (webpack://zoomiez-test-documentation/./cypress/e2e/auth/login.cy.ts:24:61)",
                "diff": null
              },
              "uuid": "57002c23-704e-401d-85b9-02435aa4de2d",
              "parentUUID": "19c0a6a0-59d1-491f-9eb2-219f0b846d99",
              "isHook": false,
              "skipped": false
            },
            {
              "title": "unverified user redirected to verify-email",
              "fullTitle": "UC-AUTH-03: Login unverified user redirected to verify-email",
              "timedOut": null,
              "duration": 11131,
              "state": "failed",
              "speed": null,
              "pass": false,
              "fail": true,
              "pending": false,
              "context": "{\n  \"title\": \"cypress-mochawesome-reporter-videos-failed\",\n  \"value\": \"cypress\\\\e2e\\\\auth\\\\login.cy.ts\"\n}",
              "code": "cy.intercept('POST', `${api}/auth/login`, { statusCode: 403, body: { error: 'Email not verified' } });\ncy.visit('/login/student');\ncy.get('input[type=\"email\"]').type('unverified@example.com');\ncy.get('input[type=\"password\"]').type('Pass123');\ncy.get('button[type=\"submit\"]').click();\ncy.url({ timeout: 8000 }).should('include', '/verify-email');",
              "err": {
                "message": "AssertionError: Timed out retrying after 8000ms: expected 'http://localhost:8080/login/student' to include '/verify-email'",
                "estack": "AssertionError: Timed out retrying after 8000ms: expected 'http://localhost:8080/login/student' to include '/verify-email'\n    at Context.eval (webpack://zoomiez-test-documentation/./cypress/e2e/auth/login.cy.ts:32:32)",
                "diff": null
              },
              "uuid": "e66369f0-b5f2-48d5-a96c-15187858693a",
              "parentUUID": "19c0a6a0-59d1-491f-9eb2-219f0b846d99",
              "isHook": false,
              "skipped": false
            },
            {
              "title": "institution login stores org_name in localStorage",
              "fullTitle": "UC-AUTH-03: Login institution login stores org_name in localStorage",
              "timedOut": null,
              "duration": 3133,
              "state": "passed",
              "speed": "fast",
              "pass": true,
              "fail": false,
              "pending": false,
              "context": "{\n  \"title\": \"cypress-mochawesome-reporter-videos-passed\",\n  \"value\": \"cypress\\\\e2e\\\\auth\\\\login.cy.ts\"\n}",
              "code": "cy.intercept('POST', `${api}/auth/login`, {\n    body: { token: 'mock-jwt', user: { email: 'inst@example.com', role: 'institution', institution_name: 'Test Academy', onboarding_completed: true } },\n});\ncy.visit('/login/institution');\ncy.get('input[type=\"email\"]').type('inst@example.com');\ncy.get('input[type=\"password\"]').type('Pass123');\ncy.get('button[type=\"submit\"]').click();\ncy.url({ timeout: 10000 }).should('include', '/institution');\ncy.window().its('localStorage').invoke('getItem', 'org_name').should('eq', 'Test Academy');",
              "err": {},
              "uuid": "a1d22dad-cafc-4f2c-a791-d9908fe8692b",
              "parentUUID": "19c0a6a0-59d1-491f-9eb2-219f0b846d99",
              "isHook": false,
              "skipped": false
            }
          ],
          "suites": [],
          "passes": [
            "b88c08f0-aa88-45e1-96ff-d3b2ab50040b",
            "a1d22dad-cafc-4f2c-a791-d9908fe8692b"
          ],
          "failures": [
            "57002c23-704e-401d-85b9-02435aa4de2d",
            "e66369f0-b5f2-48d5-a96c-15187858693a"
          ],
          "pending": [],
          "skipped": [],
          "duration": 26831,
          "root": false,
          "rootEmpty": false,
          "_timeout": 2000
        },
        {
          "uuid": "41291759-869d-42ff-a661-9a75b0f494d7",
          "title": "UC-CROSS-02: Protected Route Redirects",
          "fullFile": "",
          "file": "",
          "beforeHooks": [],
          "afterHooks": [],
          "tests": [
            {
              "title": "unauthenticated /student/dashboard redirects to login",
              "fullTitle": "UC-CROSS-02: Protected Route Redirects unauthenticated /student/dashboard redirects to login",
              "timedOut": null,
              "duration": 1737,
              "state": "passed",
              "speed": "fast",
              "pass": true,
              "fail": false,
              "pending": false,
              "context": "{\n  \"title\": \"cypress-mochawesome-reporter-videos-passed\",\n  \"value\": \"cypress\\\\e2e\\\\auth\\\\login.cy.ts\"\n}",
              "code": "cy.clearLocalStorage();\ncy.visit('/student/dashboard');\ncy.url({ timeout: 8000 }).should('include', '/login');",
              "err": {},
              "uuid": "f57f9ec5-8b94-43d3-9321-cad8e88f3912",
              "parentUUID": "41291759-869d-42ff-a661-9a75b0f494d7",
              "isHook": false,
              "skipped": false
            },
            {
              "title": "unauthenticated /teacher redirects to login",
              "fullTitle": "UC-CROSS-02: Protected Route Redirects unauthenticated /teacher redirects to login",
              "timedOut": null,
              "duration": 1680,
              "state": "passed",
              "speed": "fast",
              "pass": true,
              "fail": false,
              "pending": false,
              "context": "{\n  \"title\": \"cypress-mochawesome-reporter-videos-passed\",\n  \"value\": \"cypress\\\\e2e\\\\auth\\\\login.cy.ts\"\n}",
              "code": "cy.clearLocalStorage();\ncy.visit('/teacher');\ncy.url({ timeout: 8000 }).should('include', '/login');",
              "err": {},
              "uuid": "9e34110b-34c0-4b40-8d9c-2957fee67ce4",
              "parentUUID": "41291759-869d-42ff-a661-9a75b0f494d7",
              "isHook": false,
              "skipped": false
            },
            {
              "title": "unauthenticated /institution/dashboard redirects to login",
              "fullTitle": "UC-CROSS-02: Protected Route Redirects unauthenticated /institution/dashboard redirects to login",
              "timedOut": null,
              "duration": 1790,
              "state": "passed",
              "speed": "fast",
              "pass": true,
              "fail": false,
              "pending": false,
              "context": "{\n  \"title\": \"cypress-mochawesome-reporter-videos-passed\",\n  \"value\": \"cypress\\\\e2e\\\\auth\\\\login.cy.ts\"\n}",
              "code": "cy.clearLocalStorage();\ncy.visit('/institution/dashboard');\ncy.url({ timeout: 8000 }).should('include', '/login');",
              "err": {},
              "uuid": "9d95164c-cfa5-4217-af88-cf41b2e9209f",
              "parentUUID": "41291759-869d-42ff-a661-9a75b0f494d7",
              "isHook": false,
              "skipped": false
            }
          ],
          "suites": [],
          "passes": [
            "f57f9ec5-8b94-43d3-9321-cad8e88f3912",
            "9e34110b-34c0-4b40-8d9c-2957fee67ce4",
            "9d95164c-cfa5-4217-af88-cf41b2e9209f"
          ],
          "failures": [],
          "pending": [],
          "skipped": [],
          "duration": 5207,
          "root": false,
          "rootEmpty": false,
          "_timeout": 2000
        }
      ],
      "passes": [],
      "failures": [],
      "pending": [],
      "skipped": [],
      "duration": 0,
      "root": true,
      "rootEmpty": true,
      "_timeout": 2000
    }
  ],
  "meta": {
    "mocha": {
      "version": "7.0.1"
    },
    "mochawesome": {
      "options": {
        "quiet": false,
        "reportFilename": "mochawesome",
        "saveHtml": false,
        "saveJson": true,
        "consoleReporter": "spec",
        "useInlineDiffs": false,
        "code": true
      },
      "version": "7.1.4"
    },
    "marge": {
      "options": {
        "reportDir": "docs\\cypress\\.jsons",
        "charts": true,
        "reportPageTitle": "Zoomiez — Cypress E2E",
        "embeddedScreenshots": true,
        "inlineAssets": true,
        "overwrite": false,
        "html": false,
        "json": true
      },
      "version": "6.3.2"
    }
  }
}