{
  "stats": {
    "suites": 2,
    "tests": 7,
    "passes": 5,
    "pending": 0,
    "failures": 2,
    "start": "2026-06-11T10:34:37.022Z",
    "end": "2026-06-11T10:35:07.004Z",
    "duration": 29982,
    "testsRegistered": 7,
    "passPercent": 71.42857142857143,
    "pendingPercent": 0,
    "other": 0,
    "hasOther": false,
    "skipped": 0,
    "hasSkipped": false
  },
  "results": [
    {
      "uuid": "a4c8dbd7-b8c7-481a-8d34-ea0ab55da1fa",
      "title": "",
      "fullFile": "cypress\\e2e\\auth\\login.cy.ts",
      "file": "cypress\\e2e\\auth\\login.cy.ts",
      "beforeHooks": [],
      "afterHooks": [],
      "tests": [],
      "suites": [
        {
          "uuid": "878f08d0-8399-4d73-9299-42a952c12ea4",
          "title": "UC-AUTH-03: Login",
          "fullFile": "",
          "file": "",
          "beforeHooks": [],
          "afterHooks": [],
          "tests": [
            {
              "title": "student login happy path redirects to /student/dashboard",
              "fullTitle": "UC-AUTH-03: Login student login happy path redirects to /student/dashboard",
              "timedOut": null,
              "duration": 4740,
              "state": "passed",
              "speed": "fast",
              "pass": true,
              "fail": false,
              "pending": false,
              "context": "{\n  \"title\": \"cypress-mochawesome-reporter-videos-passed\",\n  \"value\": \"cypress\\\\e2e\\\\auth\\\\login.cy.ts\"\n}",
              "code": "cy.intercept('POST', `${api}/auth/login`, {\n    body: { token: 'mock-jwt', user: { email: 'student@example.com', role: 'student', student_type: 'self_enrolled', onboarding_completed: true } },\n});\ncy.visit('/login/student');\ncy.get('input[type=\"email\"]').type('student@example.com');\ncy.get('input[type=\"password\"]').type('Pass123');\ncy.get('button[type=\"submit\"]').click();\ncy.url({ timeout: 10000 }).should('include', '/student/dashboard');",
              "err": {},
              "uuid": "6356af47-837f-4141-bea5-a7c64ea0c691",
              "parentUUID": "878f08d0-8399-4d73-9299-42a952c12ea4",
              "isHook": false,
              "skipped": false
            },
            {
              "title": "wrong password shows error message",
              "fullTitle": "UC-AUTH-03: Login wrong password shows error message",
              "timedOut": null,
              "duration": 7541,
              "state": "failed",
              "speed": null,
              "pass": false,
              "fail": true,
              "pending": false,
              "context": "{\n  \"title\": \"cypress-mochawesome-reporter-videos-failed\",\n  \"value\": \"cypress\\\\e2e\\\\auth\\\\login.cy.ts\"\n}",
              "code": "cy.intercept('POST', `${api}/auth/login`, { statusCode: 401, body: { error: 'Invalid credentials' } });\ncy.visit('/login/student');\ncy.get('input[type=\"email\"]').type('bad@example.com');\ncy.get('input[type=\"password\"]').type('WrongPass');\ncy.get('button[type=\"submit\"]').click();\ncy.contains(/invalid credentials/i, { timeout: 5000 }).should('be.visible');",
              "err": {
                "message": "AssertionError: Timed out retrying after 5000ms: Expected to find content: '/invalid credentials/i' but never did.",
                "estack": "AssertionError: Timed out retrying after 5000ms: Expected to find content: '/invalid credentials/i' but never did.\n    at Context.eval (webpack://zoomiez-test-documentation/./cypress/e2e/auth/login.cy.ts:24:61)",
                "diff": null
              },
              "uuid": "2ec79549-6c88-4118-a3a6-cf0a98a2a2fd",
              "parentUUID": "878f08d0-8399-4d73-9299-42a952c12ea4",
              "isHook": false,
              "skipped": false
            },
            {
              "title": "unverified user redirected to verify-email",
              "fullTitle": "UC-AUTH-03: Login unverified user redirected to verify-email",
              "timedOut": null,
              "duration": 10355,
              "state": "failed",
              "speed": null,
              "pass": false,
              "fail": true,
              "pending": false,
              "context": "{\n  \"title\": \"cypress-mochawesome-reporter-videos-failed\",\n  \"value\": \"cypress\\\\e2e\\\\auth\\\\login.cy.ts\"\n}",
              "code": "cy.intercept('POST', `${api}/auth/login`, { statusCode: 403, body: { error: 'Email not verified' } });\ncy.visit('/login/student');\ncy.get('input[type=\"email\"]').type('unverified@example.com');\ncy.get('input[type=\"password\"]').type('Pass123');\ncy.get('button[type=\"submit\"]').click();\ncy.url({ timeout: 8000 }).should('include', '/verify-email');",
              "err": {
                "message": "AssertionError: Timed out retrying after 8000ms: expected 'http://localhost:8080/login/student' to include '/verify-email'",
                "estack": "AssertionError: Timed out retrying after 8000ms: expected 'http://localhost:8080/login/student' to include '/verify-email'\n    at Context.eval (webpack://zoomiez-test-documentation/./cypress/e2e/auth/login.cy.ts:32:32)",
                "diff": null
              },
              "uuid": "7458d3e7-e6a1-4e86-9b09-ce6c908771bf",
              "parentUUID": "878f08d0-8399-4d73-9299-42a952c12ea4",
              "isHook": false,
              "skipped": false
            },
            {
              "title": "institution login stores org_name in localStorage",
              "fullTitle": "UC-AUTH-03: Login institution login stores org_name in localStorage",
              "timedOut": null,
              "duration": 2447,
              "state": "passed",
              "speed": "fast",
              "pass": true,
              "fail": false,
              "pending": false,
              "context": "{\n  \"title\": \"cypress-mochawesome-reporter-videos-passed\",\n  \"value\": \"cypress\\\\e2e\\\\auth\\\\login.cy.ts\"\n}",
              "code": "cy.intercept('POST', `${api}/auth/login`, {\n    body: { token: 'mock-jwt', user: { email: 'inst@example.com', role: 'institution', institution_name: 'Test Academy', onboarding_completed: true } },\n});\ncy.visit('/login/institution');\ncy.get('input[type=\"email\"]').type('inst@example.com');\ncy.get('input[type=\"password\"]').type('Pass123');\ncy.get('button[type=\"submit\"]').click();\ncy.url({ timeout: 10000 }).should('include', '/institution');\ncy.window().its('localStorage').invoke('getItem', 'org_name').should('eq', 'Test Academy');",
              "err": {},
              "uuid": "2611169d-1635-4401-b373-727c27e82430",
              "parentUUID": "878f08d0-8399-4d73-9299-42a952c12ea4",
              "isHook": false,
              "skipped": false
            }
          ],
          "suites": [],
          "passes": [
            "6356af47-837f-4141-bea5-a7c64ea0c691",
            "2611169d-1635-4401-b373-727c27e82430"
          ],
          "failures": [
            "2ec79549-6c88-4118-a3a6-cf0a98a2a2fd",
            "7458d3e7-e6a1-4e86-9b09-ce6c908771bf"
          ],
          "pending": [],
          "skipped": [],
          "duration": 25083,
          "root": false,
          "rootEmpty": false,
          "_timeout": 2000
        },
        {
          "uuid": "7755bd73-6c5d-4017-897b-46846dc18102",
          "title": "UC-CROSS-02: Protected Route Redirects",
          "fullFile": "",
          "file": "",
          "beforeHooks": [],
          "afterHooks": [],
          "tests": [
            {
              "title": "unauthenticated /student/dashboard redirects to login",
              "fullTitle": "UC-CROSS-02: Protected Route Redirects unauthenticated /student/dashboard redirects to login",
              "timedOut": null,
              "duration": 1168,
              "state": "passed",
              "speed": "fast",
              "pass": true,
              "fail": false,
              "pending": false,
              "context": "{\n  \"title\": \"cypress-mochawesome-reporter-videos-passed\",\n  \"value\": \"cypress\\\\e2e\\\\auth\\\\login.cy.ts\"\n}",
              "code": "cy.clearLocalStorage();\ncy.visit('/student/dashboard');\ncy.url({ timeout: 8000 }).should('include', '/login');",
              "err": {},
              "uuid": "aaa7af75-6e5b-4980-bfb8-fd5fe2f11607",
              "parentUUID": "7755bd73-6c5d-4017-897b-46846dc18102",
              "isHook": false,
              "skipped": false
            },
            {
              "title": "unauthenticated /teacher redirects to login",
              "fullTitle": "UC-CROSS-02: Protected Route Redirects unauthenticated /teacher redirects to login",
              "timedOut": null,
              "duration": 1056,
              "state": "passed",
              "speed": "fast",
              "pass": true,
              "fail": false,
              "pending": false,
              "context": "{\n  \"title\": \"cypress-mochawesome-reporter-videos-passed\",\n  \"value\": \"cypress\\\\e2e\\\\auth\\\\login.cy.ts\"\n}",
              "code": "cy.clearLocalStorage();\ncy.visit('/teacher');\ncy.url({ timeout: 8000 }).should('include', '/login');",
              "err": {},
              "uuid": "691085ae-c981-4c5a-b1ed-a612036d6ef5",
              "parentUUID": "7755bd73-6c5d-4017-897b-46846dc18102",
              "isHook": false,
              "skipped": false
            },
            {
              "title": "unauthenticated /institution/dashboard redirects to login",
              "fullTitle": "UC-CROSS-02: Protected Route Redirects unauthenticated /institution/dashboard redirects to login",
              "timedOut": null,
              "duration": 1132,
              "state": "passed",
              "speed": "fast",
              "pass": true,
              "fail": false,
              "pending": false,
              "context": "{\n  \"title\": \"cypress-mochawesome-reporter-videos-passed\",\n  \"value\": \"cypress\\\\e2e\\\\auth\\\\login.cy.ts\"\n}",
              "code": "cy.clearLocalStorage();\ncy.visit('/institution/dashboard');\ncy.url({ timeout: 8000 }).should('include', '/login');",
              "err": {},
              "uuid": "031f1654-2dab-4575-9bf4-b6affdd62a0a",
              "parentUUID": "7755bd73-6c5d-4017-897b-46846dc18102",
              "isHook": false,
              "skipped": false
            }
          ],
          "suites": [],
          "passes": [
            "aaa7af75-6e5b-4980-bfb8-fd5fe2f11607",
            "691085ae-c981-4c5a-b1ed-a612036d6ef5",
            "031f1654-2dab-4575-9bf4-b6affdd62a0a"
          ],
          "failures": [],
          "pending": [],
          "skipped": [],
          "duration": 3356,
          "root": false,
          "rootEmpty": false,
          "_timeout": 2000
        }
      ],
      "passes": [],
      "failures": [],
      "pending": [],
      "skipped": [],
      "duration": 0,
      "root": true,
      "rootEmpty": true,
      "_timeout": 2000
    }
  ],
  "meta": {
    "mocha": {
      "version": "7.0.1"
    },
    "mochawesome": {
      "options": {
        "quiet": false,
        "reportFilename": "mochawesome",
        "saveHtml": false,
        "saveJson": true,
        "consoleReporter": "spec",
        "useInlineDiffs": false,
        "code": true
      },
      "version": "7.1.4"
    },
    "marge": {
      "options": {
        "reportDir": "docs\\cypress\\.jsons",
        "charts": true,
        "reportPageTitle": "Zoomiez — Cypress E2E",
        "embeddedScreenshots": true,
        "inlineAssets": true,
        "overwrite": false,
        "html": false,
        "json": true
      },
      "version": "6.3.2"
    }
  }
}